timeout   10
default   0
color light-blue/black light-cyan/blue
password --md5 %SET_PASSWORD%

# TIP: If you want a 1024x768 framebuffer, add "vga=773" to your kernel line.

title  Arch Linux "%SET_HOSTNAME%"!
root   %SET_BOOTPART%
kernel /vmlinuz26 root=%SET_ROOT_DEVICE% ro
initrd /kernel26.img

title  Arch Linux "%SET_HOSTNAME%" (Fallback)!
lock
root   %SET_BOOTPART%
kernel /vmlinuz26 root=%SET_ROOT_DEVICE% ro
initrd /kernel26.img

title  memtest86+ 4.20
lock
root   %SET_BOOTPART%
kernel /memtest86plus.bin.gz

title  memdisk test - DOESNT WORK
lock
root   %SET_BOOTPART%
kernel /memdisk
initrd /archlinux-2010.05-netinstall-x86_64.iso
append iso

title  Arch Linux "scaly"
root   (hd1,0)
kernel /vmlinuz26 root=/dev/disk/by-uuid/5b25f749-ab8d-4749-a8b0-3b7d3408af19 ro
initrd /kernel26.img

title  Arch Linux "scaly" (Fallback)
lock
root   (hd1,0)
kernel /vmlinuz26 root=/dev/disk/by-uuid/5b25f749-ab8d-4749-a8b0-3b7d3408af19 ro
initrd /kernel26-fallback.img

